{"/Users/Alen/Desktop/Новая папка 2/container-set/src/js/character.js": {"path":"/Users/Alen/Desktop/Новая папка 2/container-set/src/js/character.js","statementMap":{"0":{"start":{"line":3,"column":3},"end":{"line":3,"column":24}},"1":{"start":{"line":4,"column":3},"end":{"line":4,"column":22}}},"fnMap":{"0":{"name":"(anonymous_0)","decl":{"start":{"line":2,"column":1},"end":{"line":2,"column":2}},"loc":{"start":{"line":2,"column":18},"end":{"line":5,"column":2}},"line":2}},"branchMap":{},"s":{"0":8,"1":8},"f":{"0":8},"b":{},"_coverageSchema":"1a1c01bbd47fc00a2c39e90264f33305004495a9","hash":"f84d5850e10bb944ba93430d3f7de6675fe2cf6b"}
,"/Users/Alen/Desktop/Новая папка 2/container-set/src/js/team.js": {"path":"/Users/Alen/Desktop/Новая папка 2/container-set/src/js/team.js","statementMap":{"0":{"start":{"line":3,"column":3},"end":{"line":3,"column":28}},"1":{"start":{"line":7,"column":3},"end":{"line":11,"column":4}},"2":{"start":{"line":8,"column":3},"end":{"line":8,"column":48}},"3":{"start":{"line":10,"column":3},"end":{"line":10,"column":28}},"4":{"start":{"line":15,"column":3},"end":{"line":17,"column":6}},"5":{"start":{"line":16,"column":3},"end":{"line":16,"column":28}},"6":{"start":{"line":21,"column":3},"end":{"line":21,"column":43}}},"fnMap":{"0":{"name":"(anonymous_0)","decl":{"start":{"line":2,"column":1},"end":{"line":2,"column":2}},"loc":{"start":{"line":2,"column":15},"end":{"line":4,"column":2}},"line":2},"1":{"name":"(anonymous_1)","decl":{"start":{"line":6,"column":1},"end":{"line":6,"column":2}},"loc":{"start":{"line":6,"column":13},"end":{"line":12,"column":2}},"line":6},"2":{"name":"(anonymous_2)","decl":{"start":{"line":14,"column":1},"end":{"line":14,"column":2}},"loc":{"start":{"line":14,"column":20},"end":{"line":18,"column":2}},"line":14},"3":{"name":"(anonymous_3)","decl":{"start":{"line":15,"column":19},"end":{"line":15,"column":20}},"loc":{"start":{"line":15,"column":31},"end":{"line":17,"column":4}},"line":15},"4":{"name":"(anonymous_4)","decl":{"start":{"line":20,"column":1},"end":{"line":20,"column":2}},"loc":{"start":{"line":20,"column":11},"end":{"line":22,"column":2}},"line":20}},"branchMap":{"0":{"loc":{"start":{"line":7,"column":3},"end":{"line":11,"column":4}},"type":"if","locations":[{"start":{"line":7,"column":3},"end":{"line":11,"column":4}},{"start":{"line":9,"column":10},"end":{"line":11,"column":4}}],"line":7}},"s":{"0":4,"1":3,"2":1,"3":2,"4":2,"5":7,"6":1},"f":{"0":4,"1":3,"2":2,"3":7,"4":1},"b":{"0":[1,2]},"_coverageSchema":"1a1c01bbd47fc00a2c39e90264f33305004495a9","hash":"54ae1e7d943ee676e4655307bce561715711e41c"}
}
